 PATH  FOUND 
 0) 464.00,0.00
    929.00,0.00
 PATH  FOUND 
 1) 335.05,0.00
    672.41,0.00
    1822.18,0.00
    2174.50,0.00
    3329.99,0.00
    3677.37,0.00
    4020.97,0.00
    5177.42,0.00
    5507.92,0.00
    6658.56,0.00
    6993.61,0.00
    7354.64,0.00
    7720.12,0.00
    8833.75,0.00
    9213.15,0.00
    10333.83,0.00
    10707.89,0.00
    11075.89,0.00
    12190.46,0.00
    12545.91,0.00
    13653.51,0.00
 PATH  FOUND 
 2) 413.00,0.00
    827.48,0.00
    1965.39,0.00
    2381.64,0.00
    3513.64,0.00
    3932.91,0.00
    4354.24,0.00
    5478.81,0.00
    5903.96,0.00
    7023.96,0.00
    7449.81,0.00
    7877.38,0.00
    8974.50,0.00
    9399.66,0.00
    10485.66,0.00
    10910.68,0.00
    11335.61,0.00
    12408.25,0.00
    12836.12,0.00
    13902.12,0.00
    14329.86,0.00
    14757.45,0.00
    15808.07,0.00
    16232.96,0.00
    17275.96,0.00
    17700.13,0.00
    18122.34,0.00
    19122.95,0.00
    19543.81,0.00
    20523.81,0.00
    20944.81,0.00
    21365.91,0.00
    22318.17,0.00
    22738.90,0.00
    23677.90,0.00
    24100.07,0.00
    24524.08,0.00
    25433.96,0.00
    25860.68,0.00
    26753.68,0.00
    27174.14,0.00
    27588.06,0.00
    28449.74,0.00
    28860.40,0.00
    29703.40,0.00
    30116.83,0.00
    30530.61,0.00
    31358.90,0.00
    31776.77,0.00
    32604.40,0.00
    33019.08,0.00
    33427.58,0.00
    34274.86,0.00
    34682.51,0.00
    35533.51,0.00
    35940.64,0.00
    36344.27,0.00
    37241.86,0.00
    37663.71,0.00
    38586.71,0.00
    39007.24,0.00
    39427.48,0.00
    40360.91,0.00
    40778.20,0.00
    41717.20,0.00
    42134.24,0.00
    42549.70,0.00
    43557.92,0.00
    43975.44,0.00
    45018.44,0.00
    45437.48,0.00
    45856.84,0.00
    46914.50,0.00
    47336.41,0.00
    48401.41,0.00
    48823.59,0.00
    49246.06,0.00
    50326.94,0.00
    50746.62,0.00
    51835.62,0.00
    52255.66,0.00
    52676.11,0.00
    53785.77,0.00
    54208.75,0.00
    55327.75,0.00
    55748.43,0.00
    56167.89,0.00
    57296.09,0.00
    57711.02,0.00
    58844.02,0.00
    59256.89,0.00
    59667.26,0.00
    60812.62,0.00
    61222.24,0.00
    62373.24,0.00
    62779.98,0.00
    63181.38,0.00
    64357.15,0.00
    64740.30,0.00
    65916.22,0.00
    66287.22,0.00
    66652.97,0.00
    67828.03,0.00
    68187.63,0.00
    69357.59,0.00
    69714.64,0.00
    70070.43,0.00
    71229.95,0.00
    71586.82,0.00
    72745.73,0.00
    73099.57,0.00
    73450.92,0.00
    74612.21,0.00
    74960.45,0.00
    76122.55,0.00
    76468.51,0.00
    76808.78,0.00
    77972.95,0.00
    78308.48,0.00
    79470.17,0.00
    79800.17,0.00
    80124.32,0.00
    81272.06,0.00
    81585.08,0.00
    82728.34,0.00
    83052.40,0.00
    83385.92,0.00
    84535.27,0.00
    84878.41,0.00
    86023.38,0.00
    86374.19,0.00
    86728.95,0.00
    87866.57,0.00
    88222.15,0.00
    89356.24,0.00
    89714.14,0.00
    90073.28,0.00
    91203.65,0.00
    91565.66,0.00
    92693.70,0.00
    93056.07,0.00
    93418.94,0.00
    94541.43,0.00
    94897.53,0.00
    96018.49,0.00
    96372.53,0.00
    96719.78,0.00
    97827.54,0.00
    98173.95,0.00
    99275.14,0.00
    99626.87,0.00
    99984.06,0.00
    101079.35,0.00
    101444.18,0.00
    102544.80,0.00
    102915.63,0.00
    103288.03,0.00
    104396.87,0.00
    104774.36,0.00
    105879.89,0.00
    106259.70,0.00
    106646.45,0.00
    107726.32,0.00
    108111.29,0.00
    109180.29,0.00
    109562.82,0.00
    109943.27,0.00
    110992.73,0.00
    111373.06,0.00
    112413.06,0.00
    112791.85,0.00
    113169.54,0.00
    114196.53,0.00
    114570.91,0.00
    115590.91,0.00
    115964.95,0.00
    116338.18,0.00
    117326.43,0.00
    117703.71,0.00
    118675.71,0.00
    119054.54,0.00
    119435.29,0.00
    120367.38,0.00
    120745.89,0.00
    121657.89,0.00
    122035.90,0.00
    122413.67,0.00
    123305.56,0.00
    123685.85,0.00
    124567.85,0.00
    124946.64,0.00
    125324.22,0.00
    126190.71,0.00
    126562.97,0.00
    127421.97,0.00
    127791.51,0.00
    128158.25,0.00
    129000.71,0.00
    129367.55,0.00
    130202.55,0.00
    130566.18,0.00
    130923.07,0.00
    131728.31,0.00
    132076.44,0.00
    132864.44,0.00
    133209.88,0.00
    133553.23,0.00
    134299.70,0.00
    134644.67,0.00
    135383.85,0.00
    135742.02,0.00
    136108.68,0.00
    136847.42,0.00
    137231.86,0.00
    137973.62,0.00
    138366.62,0.00
    138767.43,0.00
    139518.54,0.00
    139923.31,0.00
    140680.02,0.00
    141090.31,0.00
    141516.86,0.00
    142310.67,0.00
    142748.85,0.00
    143564.85,0.00
    144009.40,0.00
    144458.23,0.00
    145308.69,0.00
    145761.92,0.00
    146627.92,0.00
    147080.66,0.00
    147532.98,0.00
    148425.62,0.00
    148874.96,0.00
    149780.96,0.00
    150229.97,0.00
    150678.27,0.00
    151642.27,0.00
    152092.50,0.00
    153085.50,0.00
    153534.46,0.00
    153982.57,0.00
    155013.91,0.00
    155458.91,0.00
    156509.91,0.00
    156954.91,0.00
    157399.91,0.00
    158470.53,0.00
    158914.49,0.00
    159994.49,0.00
    160439.79,0.00
    160886.50,0.00
    161988.48,0.00
    162439.00,0.00
    163551.00,0.00
    163999.71,0.00
    164447.38,0.00
    165570.08,0.00
    166012.51,0.00
    167140.51,0.00
    167580.54,0.00
    168013.84,0.00
    169165.58,0.00
    169596.18,0.00
    170747.18,0.00
 PATH  FOUND 
 3) 275.00,0.00
    549.99,0.00
    1477.22,0.00
    1752.54,0.00
    2682.20,0.00
    2955.60,0.00
    3222.92,0.00
    4149.57,0.00
    4399.45,0.00
    5317.56,0.00
    5570.22,0.00
    5824.40,0.00
    6736.66,0.00
    6997.51,0.00
    7909.10,0.00
    8174.10,0.00
    8450.10,0.00
    9364.95,0.00
    9660.31,0.00
    10586.31,0.00
    10886.47,0.00
    11191.42,0.00
    12135.55,0.00
    12427.59,0.00
    13364.73,0.00
    13648.05,0.00
    13925.16,0.00
    14848.57,0.00
    15135.42,0.00
    16056.42,0.00
    16331.42,0.00
    16603.45,0.00
    16883.32,0.00
    17727.92,0.00
    18031.89,0.00
    18884.13,0.00
    19196.71,0.00
    19514.18,0.00
    20376.21,0.00
    20698.78,0.00
    21567.72,0.00
    21886.40,0.00
    22202.83,0.00
    23079.03,0.00
    23384.28,0.00
    24255.96,0.00
    24558.14,0.00
    24857.56,0.00
    25719.92,0.00
    26022.15,0.00
    26882.89,0.00
    27178.88,0.00
    27469.34,0.00
    28334.05,0.00
    28622.73,0.00
    29488.41,0.00
    29772.32,0.00
    30047.66,0.00
    30905.65,0.00
    31173.30,0.00
    32023.41,0.00
 PATH  FOUND 
 4) 216.00,0.00
    438.19,0.00
    937.75,0.00
    1174.38,0.00
    1666.17,0.00
    1905.88,0.00
    2148.94,0.00
    2612.95,0.00
    2845.80,0.00
    3301.80,0.00
    3531.71,0.00
    3756.78,0.00
    4186.41,0.00
    4410.53,0.00
    4826.53,0.00
    5048.28,0.00
    5268.27,0.00
    5665.64,0.00
    5882.64,0.00
    6269.64,0.00
    6486.64,0.00
    6709.03,0.00
    7101.65,0.00
    7331.88,0.00
    7720.85,0.00
    7956.53,0.00
    8196.39,0.00
    8574.51,0.00
    8811.58,0.00
    9185.58,0.00
    9422.58,0.00
    9659.30,0.00
    10003.53,0.00
    10228.66,0.00
    10556.66,0.00
    10781.66,0.00
    11011.94,0.00
    11346.95,0.00
    11584.52,0.00
    11916.49,0.00
    12159.34,0.00
    12407.69,0.00
    12723.74,0.00
    12970.05,0.00
    13281.05,0.00
    13526.04,0.00
    13766.21,0.00
    14036.34,0.00
    14270.40,0.00
    14521.40,0.00
    14757.40,0.00
    14997.84,0.00
    15261.56,0.00
    15518.00,0.00
    15777.31,0.00
    16038.71,0.00
    16303.90,0.00
    16545.56,0.00
    16807.17,0.00
    17044.17,0.00
    17305.34,0.00
    17565.34,0.00
    17777.65,0.00
    18039.46,0.00
    18239.46,0.00
    18500.37,0.00
    18760.73,0.00
    18946.37,0.00
    19203.43,0.00
    19381.43,0.00
    19638.43,0.00
    19901.29,0.00
    20079.65,0.00
    20346.92,0.00
    20529.12,0.00
    20801.12,0.00
    21075.83,0.00
    21267.02,0.00
    21547.63,0.00
    21737.30,0.00
    22021.98,0.00
    22311.04,0.00
    22489.25,0.00
    22775.77,0.00
    22950.77,0.00
    23236.67,0.00
    23521.05,0.00
    23680.99,0.00
    23961.10,0.00
    24113.10,0.00
    24391.72,0.00
    24668.90,0.00
    24805.60,0.00
    25083.95,0.00
    25212.95,0.00
    25490.99,0.00
    25768.84,0.00
    25884.73,0.00
    26164.79,0.00
    26285.65,0.00
    26572.18,0.00
    26860.91,0.00
    26986.60,0.00
    27275.85,0.00
    27403.19,0.00
    27694.66,0.00
    27988.39,0.00
    28115.98,0.00
    28411.95,0.00
    28536.89,0.00
    28832.86,0.00
    29128.86,0.00
    29200.59,0.00
    29472.67,0.00
    29515.67,0.00
    29787.67,0.00
    30067.13,0.00
    30121.56,0.00
    30404.67,0.00
    30465.67,0.00
    30753.19,0.00
    31046.13,0.00
    31122.15,0.00
    31421.92,0.00
    31505.92,0.00
    31811.27,0.00
    32121.00,0.00
    32215.96,0.00
    32531.65,0.00
    32632.65,0.00
    32952.89,0.00
    33281.38,0.00
    33408.34,0.00
    33743.10,0.00
    33883.10,0.00
    34222.01,0.00
    34564.83,0.00
    34731.16,0.00
    35073.81,0.00
    35252.81,0.00
    35596.99,0.00
    35942.39,0.00
    36141.26,0.00
    36490.24,0.00
    36699.24,0.00
    37049.05,0.00
    37400.25,0.00
    37642.26,0.00
    37991.60,0.00
    38250.60,0.00
    38602.92,0.00
    38956.89,0.00
    39232.38,0.00
    39592.28,0.00
    39876.28,0.00
    40239.80,0.00
    40609.38,0.00
    40922.92,0.00
    41297.24,0.00
    41625.24,0.00
    42005.06,0.00
    42388.19,0.00
    42735.93,0.00
    43120.08,0.00
    43477.08,0.00
    43861.08,0.00
    44245.01,0.00
    44612.14,0.00
    44992.92,0.00
    45363.44,0.00
    45747.05,0.00
    46136.91,0.00
    46503.41,0.00
    46903.69,0.00
    47266.31,0.00
    47671.31,0.00
    48084.46,0.00
    48427.24,0.00
    48847.09,0.00
    49185.27,0.00
    49614.27,0.00
    50046.94,0.00
    50384.16,0.00
    50821.21,0.00
    51158.12,0.00
    51599.12,0.00
    52043.42,0.00
    52378.50,0.00
    52826.26,0.00
    53162.67,0.00
    53613.67,0.00
    54074.94,0.00
    54429.80,0.00
    54887.15,0.00
    55250.15,0.00
    55711.61,0.00
    56178.11,0.00
    56552.93,0.00
    57031.29,0.00
    57413.93,0.00
    57897.91,0.00
    58389.03,0.00
    58799.08,0.00
    59281.79,0.00
    59701.79,0.00
    60181.79,0.00
    60653.52,0.00
    61063.52,0.00
    61533.80,0.00
    61939.42,0.00
    62403.24,0.00
    62861.80,0.00
    63269.90,0.00
    63727.15,0.00
    64139.15,0.00
    64597.50,0.00
    65056.42,0.00
    65472.38,0.00
    65931.91,0.00
    66349.91,0.00
    66809.91,0.00
    67242.92,0.00
    67635.25,0.00
    68050.46,0.00
    68431.63,0.00
    68825.63,0.00
    69213.25,0.00
    69589.25,0.00
    69970.51,0.00
    70342.77,0.00
    70717.77,0.00
    71091.26,0.00
    71460.88,0.00
    71831.27,0.00
    72202.87,0.00
    72571.79,0.00
    72939.06,0.00
    73315.31,0.00
    73686.99,0.00
    74064.19,0.00
    74437.19,0.00
    74816.54,0.00
    75199.62,0.00
    75585.85,0.00
    75972.56,0.00
    76365.56,0.00
    76776.03,0.00
    77192.09,0.00
    77614.29,0.00
    78036.45,0.00
    78477.45,0.00
    78926.68,0.00
    79352.60,0.00
    79813.27,0.00
    80232.27,0.00
    80699.27,0.00
    81186.28,0.00
    81628.10,0.00
    82123.64,0.00
    82585.64,0.00
    83091.24,0.00
    83602.42,0.00
    84089.63,0.00
    84605.59,0.00
    85105.58,0.00
    85618.26,0.00
    86129.02,0.00
    86644.47,0.00
    87145.59,0.00
    87668.59,0.00
    88166.09,0.00
    88660.92,0.00
    89195.20,0.00
    89690.27,0.00
    90230.27,0.00
    90723.62,0.00
    91214.38,0.00
    91771.95,0.00
    92258.29,0.00
    92824.29,0.00
    93307.29,0.00
    93782.36,0.00
    94328.29,0.00
    94803.48,0.00
    95356.86,0.00
    95820.88,0.00
    96283.19,0.00
    96839.03,0.00
    97299.74,0.00
    97856.74,0.00
    98315.74,0.00
    98776.88,0.00
    99311.66,0.00
    99776.19,0.00
    100302.19,0.00
    100772.36,0.00
    101244.11,0.00
    101762.53,0.00
    102238.01,0.00
    102754.08,0.00
    103225.75,0.00
    103692.57,0.00
    104215.28,0.00
    104668.74,0.00
    105192.74,0.00
    105640.74,0.00
    106087.41,0.00
    106595.55,0.00
    107050.96,0.00
    107550.96,0.00
    108010.54,0.00
    108471.95,0.00
    108964.63,0.00
    109425.02,0.00
    109914.02,0.00
    110375.58,0.00
    110837.70,0.00
    111314.91,0.00
    111784.41,0.00
    112261.62,0.00
    112725.46,0.00
    113184.25,0.00
    113678.25,0.00
    114122.76,0.00
    114615.76,0.00
    115071.76,0.00
    115523.76,0.00
    115967.13,0.00
    116454.54,0.00
    116891.88,0.00
    117377.20,0.00
    117806.20,0.00
    118217.47,0.00
    118707.38,0.00
    119097.05,0.00
    119581.10,0.00
    119953.10,0.00
    120316.06,0.00
    120793.33,0.00
    121153.08,0.00
    121621.08,0.00
    121981.43,0.00
    122341.88,0.00
    122805.02,0.00
    123165.52,0.00
    123629.15,0.00
    123987.23,0.00
    124342.52,0.00
    124811.34,0.00
    125166.26,0.00
    125637.26,0.00
    125991.86,0.00
    126345.27,0.00
    126829.59,0.00
    127188.77,0.00
    127676.17,0.00
    128042.17,0.00
    128422.37,0.00
    128914.31,0.00
    129321.98,0.00
    129811.98,0.00
    130234.98,0.00
    130659.61,0.00
    131094.35,0.00
    131532.44,0.00
    131976.35,0.00
    132418.35,0.00
    132852.48,0.00
    133474.31,0.00
    133901.08,0.00
    134521.42,0.00
    134940.42,0.00
    135352.44,0.00
    135973.26,0.00
    136378.22,0.00
    136999.21,0.00
    137397.21,0.00
    137793.04,0.00
    138412.72,0.00
    138795.43,0.00
    139419.26,0.00
    139802.89,0.00
    140187.16,0.00
    140813.16,0.00
    141203.12,0.00
    141829.12,0.00
    142221.12,0.00
    142621.19,0.00
    143245.01,0.00
    143654.08,0.00
    144279.42,0.00
    144696.42,0.00
    145124.99,0.00
    145761.34,0.00
    146200.29,0.00
    146838.11,0.00
    147289.11,0.00
    147754.84,0.00
    148383.31,0.00
    148855.52,0.00
    149480.93,0.00
    149965.93,0.00
    150455.33,0.00
    151078.58,0.00
    151575.20,0.00
    152199.71,0.00
    152700.71,0.00
    153205.18,0.00
    153833.93,0.00
    154341.16,0.00
    154969.87,0.00
    155480.87,0.00
    155996.45,0.00
    156620.26,0.00
    157140.14,0.00
    157762.14,0.00
    158286.14,0.00
    158811.14,0.00
    159329.32,0.00
    159844.24,0.00
    160376.24,0.00
    160904.28,0.00
    161568.01,0.00
    162092.81,0.00
    162762.81,0.00
    163282.37,0.00
    163800.05,0.00
    164475.59,0.00
    164989.05,0.00
    165667.91,0.00
    166181.83,0.00
    166696.61,0.00
    167379.53,0.00
    167907.67,0.00
    168589.67,0.00
    169121.67,0.00
    169646.59,0.00
    170344.55,0.00
    170854.49,0.00
    171553.66,0.00
    172051.66,0.00
    172546.25,0.00
    173247.14,0.00
    173737.48,0.00
    174436.45,0.00
    174923.60,0.00
    175406.53,0.00
    176091.55,0.00
    176579.97,0.00
    177265.60,0.00
    177750.47,0.00
    178230.03,0.00
    178925.57,0.00
    179400.95,0.00
    180098.84,0.00
    180568.84,0.00
    181024.46,0.00
    181731.34,0.00
    182173.08,0.00
    182883.69,0.00
    183310.69,0.00
    183728.87,0.00
    184444.91,0.00
    184856.28,0.00
    185572.28,0.00
    185974.28,0.00
    186368.47,0.00
    187082.94,0.00
    187467.84,0.00
    188176.73,0.00
    188555.77,0.00
    188932.95,0.00
    189631.13,0.00
    190004.39,0.00
    190703.74,0.00
    191074.01,0.00
    191441.22,0.00
    192146.35,0.00
    192515.65,0.00
    193222.61,0.00
    193592.98,0.00
    193966.57,0.00
    194683.74,0.00
    195063.64,0.00
    195782.40,0.00
    196168.40,0.00
    196574.39,0.00
    197292.02,0.00
    197717.48,0.00
    198431.48,0.00
    198876.48,0.00
    199321.48,0.00
    200084.13,0.00
    200532.60,0.00
    201308.60,0.00
    201740.60,0.00
    202163.45,0.00
    202911.50,0.00
    203324.92,0.00
    204064.17,0.00
    204464.17,0.00
    204852.04,0.00
    205584.19,0.00
    205952.95,0.00
    206686.66,0.00
    207041.66,0.00
    207392.54,0.00
    208125.54,0.00
    208472.36,0.00
    209207.34,0.00
    209550.34,0.00
    209885.90,0.00
    210633.31,0.00
    210965.33,0.00
    211716.41,0.00
    212041.32,0.00
    212346.03,0.00
    213116.19,0.00
    213398.43,0.00
    214176.43,0.00
    214437.43,0.00
    214685.63,0.00
    214922.03,0.00
    215155.51,0.00
    215383.51,0.00
    215615.96,0.00
    216319.11,0.00
    216562.85,0.00
    217256.62,0.00
    217504.38,0.00
    217754.15,0.00
    218428.55,0.00
    218670.74,0.00
    219339.74,0.00
    219580.64,0.00
    219818.23,0.00
    220458.76,0.00
    220697.26,0.00
    221324.26,0.00
    221558.71,0.00
    221790.60,0.00
    222402.90,0.00
    222629.27,0.00
    223232.27,0.00
    223457.27,0.00
    223686.94,0.00
    224301.89,0.00
    224545.40,0.00
    225153.08,0.00
    225401.03,0.00
    225651.58,0.00
    226237.87,0.00
    226479.22,0.00
    227060.22,0.00
    227300.10,0.00
    227535.83,0.00
    228087.69,0.00
    228317.16,0.00
    228854.16,0.00
    229079.91,0.00
    229302.27,0.00
    229812.38,0.00
    230033.44,0.00
    230530.44,0.00
    230746.44,0.00
    230989.44,0.00
    231215.07,0.00
    232046.02,0.00
    232279.12,0.00
    233094.12,0.00
    233335.30,0.00
    233581.80,0.00
    234376.13,0.00
    234627.09,0.00
    235413.39,0.00
    235673.43,0.00
    235949.95,0.00
    236718.32,0.00
    237019.93,0.00
    237778.81,0.00
    238099.81,0.00
    238431.34,0.00
    239171.88,0.00
    239510.09,0.00
    240249.09,0.00
    240599.09,0.00
    240927.29,0.00
    241733.53,0.00
    242078.94,0.00
    242915.94,0.00
    243274.57,0.00
    243636.12,0.00
    244488.03,0.00
    244849.68,0.00
    245708.68,0.00
    246072.57,0.00
    246438.94,0.00
    247313.01,0.00
    247684.13,0.00
    248566.13,0.00
    248939.49,0.00
    249315.54,0.00
    250218.71,0.00
    250591.48,0.00
    251504.48,0.00
    251877.49,0.00
    252250.97,0.00
    253201.92,0.00
    253577.57,0.00
    254547.57,0.00
    254921.40,0.00
    255293.53,0.00
    256298.31,0.00
    256665.72,0.00
    257688.72,0.00
    258057.82,0.00
    258429.17,0.00
    259502.49,0.00
    259888.20,0.00
    260985.20,0.00
    261361.20,0.00
    261730.73,0.00
    262820.20,0.00
    263185.02,0.00
    264276.44,0.00
    264633.44,0.00
    264969.90,0.00
    266089.08,0.00
    266431.16,0.00
    267559.16,0.00
    267914.16,0.00
    268261.03,0.00
    268593.03,0.00
    268921.77,0.00
    270028.15,0.00
    270357.11,0.00
    271448.11,0.00
    271774.67,0.00
    272098.17,0.00
    273149.71,0.00
    273468.27,0.00
    274500.27,0.00
    274816.45,0.00
    275130.15,0.00
    276116.91,0.00
    276430.92,0.00
    277398.92,0.00
    277703.79,0.00
    278005.72,0.00
    278963.81,0.00
    279260.91,0.00
    280213.91,0.00
    280506.91,0.00
    280822.69,0.00
    281756.93,0.00
    282089.91,0.00
    283003.91,0.00
    283317.82,0.00
    283619.03,0.00
    284513.92,0.00
    284791.66,0.00
    285684.38,0.00
    285944.38,0.00
    286198.55,0.00
    287089.27,0.00
    287335.89,0.00
    288228.90,0.00
    288469.90,0.00
    288700.29,0.00
    289611.95,0.00
    289837.98,0.00
    290759.98,0.00
    290985.98,0.00
    291201.26,0.00
    292084.29,0.00
    292301.71,0.00
    293171.71,0.00
    293395.35,0.00
    293620.86,0.00
    294477.42,0.00
    294706.48,0.00
    295562.40,0.00
    295796.49,0.00
    296033.62,0.00
    296892.53,0.00
    297132.47,0.00
    297993.19,0.00
    298235.15,0.00
    298482.51,0.00
    299351.49,0.00
    299604.19,0.00
    300476.76,0.00
    300735.76,0.00
    301010.89,0.00
    301894.89,0.00
    302190.67,0.00
    303074.67,0.00
    303388.67,0.00
    303708.24,0.00
    304593.77,0.00
    304921.68,0.00
    305804.65,0.00
    306137.65,0.00
    306480.87,0.00
    307345.84,0.00
    307690.01,0.00
    308545.01,0.00
    308887.88,0.00
    309229.48,0.00
    310068.74,0.00
    310397.35,0.00
    311232.35,0.00
    311553.35,0.00
    311850.70,0.00
    312664.88,0.00
    312907.88,0.00
    313761.88,0.00
    314004.88,0.00
    314236.39,0.00
    314474.45,0.00
    315374.47,0.00
    315652.96,0.00
    316562.93,0.00
    316860.93,0.00
    317167.65,0.00
    318089.72,0.00
    318409.51,0.00
    319343.51,0.00
    319660.65,0.00
    319975.71,0.00
    320920.15,0.00
    321228.08,0.00
    322174.45,0.00
    322474.45,0.00
    322759.20,0.00
    323701.96,0.00
    323961.15,0.00
    324896.05,0.00
    325142.01,0.00
    325380.25,0.00
    326306.89,0.00
    326536.23,0.00
    327452.23,0.00
    327683.74,0.00
    327932.68,0.00
    328193.16,0.00
    329024.84,0.00
    329329.31,0.00
    330171.03,0.00
    330493.03,0.00
    330826.13,0.00
    331683.08,0.00
    332026.12,0.00
    332897.12,0.00
    333233.89,0.00
    333566.40,0.00
    334445.40,0.00
    334769.22,0.00
    335648.22,0.00
    335963.22,0.00
    336260.73,0.00
    337137.60,0.00
    337413.89,0.00
    338281.49,0.00
    338542.49,0.00
    338796.31,0.00
    339649.38,0.00
    339894.36,0.00
    340738.36,0.00
 PATH  FOUND 
 5) 233.00,0.00
    464.04,0.00
    832.31,0.00
    1064.28,0.00
    1424.28,0.00
    1653.71,0.00
    1880.81,0.00
    2226.61,0.00
    2448.79,0.00
    2786.79,0.00
    3007.31,0.00
    3227.11,0.00
    3552.57,0.00
    3771.03,0.00
    4094.06,0.00
    4315.66,0.00
    4542.11,0.00
    4868.24,0.00
    5104.74,0.00
    5432.74,0.00
    5673.74,0.00
    5914.74,0.00
    6202.42,0.00
    6435.43,0.00
    6702.43,0.00
    6934.43,0.00
    7166.18,0.00
    7416.77,0.00
    7644.00,0.00
    7891.03,0.00
    8123.46,0.00
    8361.28,0.00
    8613.15,0.00
    8864.62,0.00
    9118.62,0.00
    9375.62,0.00
    9632.62,0.00
    9848.38,0.00
    10107.14,0.00
    10306.14,0.00
    10561.47,0.00
    10815.54,0.00
    10994.97,0.00
    11243.30,0.00
    11416.91,0.00
    11669.94,0.00
    11924.81,0.00
    12097.41,0.00
    12355.99,0.00
    12528.82,0.00
    12789.82,0.00
    13060.51,0.00
    13237.62,0.00
    13512.14,0.00
    13695.14,0.00
    13977.14,0.00
    14254.72,0.00
    14404.57,0.00
    14675.61,0.00
    14806.61,0.00
    15079.44,0.00
    15353.32,0.00
    15462.32,0.00
    15737.76,0.00
    15853.76,0.00
    16143.76,0.00
    16431.90,0.00
    16510.62,0.00
    16786.51,0.00
    16847.51,0.00
    17117.63,0.00
    17385.91,0.00
    17430.76,0.00
    17694.62,0.00
    17734.05,0.00
    18002.65,0.00
    18277.77,0.00
    18322.30,0.00
    18605.76,0.00
    18654.76,0.00
    18941.47,0.00
    19236.72,0.00
    19309.30,0.00
    19612.82,0.00
    19696.82,0.00
    20009.34,0.00
    20328.09,0.00
    20425.88,0.00
    20751.95,0.00
    20858.95,0.00
    21189.58,0.00
    21525.23,0.00
    21653.12,0.00
    21994.95,0.00
    22133.95,0.00
    22478.43,0.00
    22825.88,0.00
    22990.37,0.00
    23337.61,0.00
    23514.61,0.00
    23863.94,0.00
    24214.98,0.00
    24412.48,0.00
    24766.66,0.00
    24974.66,0.00
    25329.57,0.00
    25685.75,0.00
    25929.83,0.00
    26282.63,0.00
    26544.63,0.00
    26903.57,0.00
    27271.19,0.00
    27582.42,0.00
    27965.37,0.00
    28303.37,0.00
    28690.81,0.00
    29079.99,0.00
    29438.91,0.00
    29830.18,0.00
    30199.18,0.00
    30586.18,0.00
    30980.89,0.00
    31338.82,0.00
    31741.91,0.00
    32092.82,0.00
    32502.65,0.00
    32917.92,0.00
    33254.82,0.00
    33673.54,0.00
    34006.72,0.00
    34432.72,0.00
    34864.37,0.00
    35194.26,0.00
    35636.99,0.00
    35967.12,0.00
    36416.12,0.00
    36881.98,0.00
    37231.79,0.00
    37693.10,0.00
    38053.10,0.00
    38519.56,0.00
    38991.02,0.00
    39361.90,0.00
    39844.18,0.00
    40222.57,0.00
    40710.83,0.00
    41208.39,0.00
    41621.59,0.00
    42109.58,0.00
    42534.58,0.00
    43018.58,0.00
    43523.12,0.00
    43991.07,0.00
    44509.06,0.00
    44996.06,0.00
    45514.06,0.00
    46032.06,0.00
    46531.18,0.00
    47050.39,0.00
    47554.39,0.00
    48071.79,0.00
    48585.75,0.00
    49105.51,0.00
    49609.79,0.00
    50139.79,0.00
    50640.69,0.00
    51138.14,0.00
    51700.14,0.00
    52195.96,0.00
    52765.36,0.00
    53252.06,0.00
    53730.20,0.00
    54293.47,0.00
    54764.78,0.00
    55321.78,0.00
    55790.78,0.00
    56256.65,0.00
    56822.10,0.00
    57282.59,0.00
    57846.84,0.00
    58303.12,0.00
    58755.45,0.00
    59312.37,0.00
    59765.43,0.00
    60319.43,0.00
    60773.18,0.00
    61229.29,0.00
    61762.57,0.00
    62222.26,0.00
    62746.26,0.00
    63210.26,0.00
    63666.26,0.00
    64112.41,0.00
    64555.24,0.00
    65000.64,0.00
    65429.64,0.00
    65858.64,0.00
    66375.62,0.00
    66812.02,0.00
    67344.02,0.00
    67783.40,0.00
    68227.02,0.00
    68801.74,0.00
    69244.91,0.00
    69840.91,0.00
    70287.83,0.00
    70736.15,0.00
    71348.07,0.00
    71797.20,0.00
    72417.20,0.00
    72866.20,0.00
    73315.15,0.00
    73943.17,0.00
    74390.07,0.00
    75020.56,0.00
    75469.29,0.00
    75924.73,0.00
    76550.16,0.00
    77021.27,0.00
    77643.70,0.00
    78120.71,0.00
    78604.49,0.00
    79222.25,0.00
    79717.74,0.00
    80337.02,0.00
    80840.02,0.00
    81345.71,0.00
    81967.93,0.00
    82476.16,0.00
    83098.21,0.00
    83609.21,0.00
    84125.41,0.00
    84740.62,0.00
    85260.02,0.00
    85875.31,0.00
    86400.25,0.00
    86936.60,0.00
    87576.02,0.00
    88100.74,0.00
    88744.74,0.00
    89267.74,0.00
    89794.15,0.00
    90437.19,0.00
    90968.90,0.00
    91613.93,0.00
    92148.61,0.00
    92687.15,0.00
    93340.04,0.00
    93876.44,0.00
    94532.44,0.00
    95067.06,0.00
    95597.30,0.00
    96267.86,0.00
    96793.51,0.00
    97471.51,0.00
    97992.51,0.00
    98518.35,0.00
    99192.05,0.00
    99727.29,0.00
    100404.32,0.00
    100943.72,0.00
    101488.86,0.00
    102179.39,0.00
    102712.35,0.00
    103405.35,0.00
    103935.31,0.00
    104455.35,0.00
    105168.60,0.00
    105656.32,0.00
    106355.32,0.00
    106834.32,0.00
    107312.32,0.00
    107763.35,0.00
    108213.35,0.00
    108675.55,0.00
    109404.08,0.00
    109875.87,0.00
    110600.11,0.00
    111084.11,0.00
    111576.39,0.00
    112287.68,0.00
    112788.94,0.00
    113508.09,0.00
    114018.00,0.00
    114545.23,0.00
    115299.92,0.00
    115822.65,0.00
    116597.65,0.00
    117125.02,0.00
    117654.73,0.00
    118455.72,0.00
    118996.53,0.00
    119797.53,0.00
    120320.53,0.00
    120842.60,0.00
    121658.18,0.00
    122180.02,0.00
    123003.02,0.00
    123525.03,0.00
    124047.10,0.00
    124876.43,0.00
    125399.73,0.00
    126231.13,0.00
    126753.01,0.00
    127272.62,0.00
    128105.72,0.00
    128616.53,0.00
    129447.97,0.00
    129955.97,0.00
    130458.70,0.00
    131280.61,0.00
    131775.74,0.00
    132592.73,0.00
    133084.24,0.00
    133572.67,0.00
    134380.86,0.00
    134868.75,0.00
    135674.17,0.00
    136157.16,0.00
    136630.71,0.00
    137435.09,0.00
    137903.39,0.00
    138709.78,0.00
    139168.78,0.00
    139625.55,0.00
    140434.51,0.00
    140885.34,0.00
    141691.07,0.00
    142140.82,0.00
    142589.19,0.00
    143390.35,0.00
    143847.09,0.00
    144647.43,0.00
    145106.43,0.00
    145574.88,0.00
    146370.03,0.00
    146847.56,0.00
    147647.98,0.00
    148134.98,0.00
    148633.44,0.00
    149459.07,0.00
    149960.68,0.00
    150788.68,0.00
    151305.68,0.00
    151822.68,0.00
    152628.09,0.00
    153148.03,0.00
    153947.29,0.00
    154463.40,0.00
    154977.42,0.00
    155771.87,0.00
    156281.06,0.00
    157073.02,0.00
    157579.25,0.00
    158083.93,0.00
    158870.78,0.00
    159372.56,0.00
    160157.73,0.00
    160662.35,0.00
    161169.04,0.00
    161955.34,0.00
    162464.76,0.00
    163252.15,0.00
    163763.15,0.00
    164279.51,0.00
    165073.98,0.00
    165595.58,0.00
    166391.58,0.00
    166919.58,0.00
    167447.00,0.00
    168231.37,0.00
    168754.75,0.00
    169532.75,0.00
    170054.92,0.00
    170574.50,0.00
    171324.14,0.00
    171846.02,0.00
    172583.02,0.00
    173098.07,0.00
    173610.89,0.00
    174333.80,0.00
    174841.64,0.00
    175564.03,0.00
    176066.60,0.00
    176564.29,0.00
    177291.96,0.00
    177784.40,0.00
    178513.64,0.00
    179001.64,0.00
    179477.50,0.00
    180212.97,0.00
    180675.23,0.00
    181406.23,0.00
    181856.23,0.00
    182306.23,0.00
    183055.61,0.00
    183506.40,0.00
    184264.40,0.00
    184712.16,0.00
    185157.59,0.00
    185932.93,0.00
    186370.44,0.00
    187152.44,0.00
    187590.02,0.00
    188027.67,0.00
    188828.23,0.00
    189274.10,0.00
    190082.10,0.00
    190530.24,0.00
    190983.60,0.00
    191826.86,0.00
    192282.45,0.00
    193143.45,0.00
    193601.16,0.00
    194060.67,0.00
    194953.46,0.00
    195407.99,0.00
    196315.99,0.00
    196770.03,0.00
    197223.14,0.00
    198189.76,0.00
    198645.01,0.00
    199641.01,0.00
    200094.97,0.00
    200548.45,0.00
    201566.43,0.00
    202016.95,0.00
    203045.95,0.00
    203495.99,0.00
    203945.36,0.00
    205006.26,0.00
    205454.82,0.00
    206530.82,0.00
    206980.99,0.00
    207432.48,0.00
    208535.07,0.00
    208991.34,0.00
    210106.34,0.00
    210560.06,0.00
    211012.88,0.00
    212136.03,0.00
    212585.37,0.00
    213712.37,0.00
    214159.53,0.00
    214601.88,0.00
    215752.35,0.00
    216191.79,0.00
    217346.89,0.00
    217776.88,0.00
    218200.73,0.00
    219354.85,0.00
    219770.23,0.00
    220927.85,0.00
    221338.02,0.00
    221737.26,0.00
    222915.19,0.00
    223306.15,0.00
    224486.77,0.00
    224863.77,0.00
    225234.75,0.00
    226416.61,0.00
    226776.78,0.00
    227954.35,0.00
    228309.68,0.00
    228662.37,0.00
    229832.12,0.00
    230184.03,0.00
    231352.38,0.00
    231701.08,0.00
    232046.79,0.00
    233215.85,0.00
    233556.16,0.00
    234725.14,0.00
    235062.14,0.00
    235392.82,0.00
    236558.97,0.00
    236883.03,0.00
    238045.24,0.00
    238364.35,0.00
    238672.25,0.00
    239810.26,0.00
    240125.88,0.00
    241262.88,0.00
    241590.88,0.00
    241910.02,0.00
    243017.69,0.00
    243341.38,0.00
    244435.38,0.00
    244756.94,0.00
    245073.85,0.00
    246108.22,0.00
    246421.11,0.00
    247426.11,0.00
    247732.78,0.00
    248036.93,0.00
    249019.46,0.00
    249324.94,0.00
    250295.94,0.00
    250595.81,0.00
    250878.93,0.00
    251834.50,0.00
    252070.28,0.00
    252991.28,0.00
    253209.28,0.00
    253423.94,0.00
    254331.96,0.00
    254547.23,0.00
    255448.23,0.00
    255663.19,0.00
    255877.44,0.00
    256737.24,0.00
    256950.18,0.00
    257801.18,0.00
    258032.18,0.00
    258254.27,0.00
    259068.18,0.00
    259300.93,0.00
    260095.94,0.00
    260340.69,0.00
    260588.10,0.00
    261374.52,0.00
    261628.99,0.00
    262410.41,0.00
    262665.69,0.00
    262921.66,0.00
    263690.00,0.00
    263939.52,0.00
    264703.52,0.00
    264951.61,0.00
    265195.27,0.00
    265935.22,0.00
    266170.55,0.00
    266897.55,0.00
    267128.11,0.00
    267356.64,0.00
    268072.23,0.00
    268301.56,0.00
    269011.56,0.00
    269239.22,0.00
    269465.62,0.00
    270154.86,0.00
    270372.91,0.00
    271059.51,0.00
    271282.83,0.00
    271513.33,0.00
    272204.92,0.00
    272440.46,0.00
    273132.46,0.00
    273374.46,0.00
    273612.59,0.00
    274279.66,0.00
    274513.83,0.00
    275167.83,0.00
    275400.13,0.00
    275631.16,0.00
    276266.52,0.00
    276499.06,0.00
    277126.06,0.00
    277354.30,0.00
    277579.54,0.00
    278185.75,0.00
    278400.72,0.00
    279000.32,0.00
    279221.92,0.00
    279448.57,0.00
    280052.05,0.00
    280289.78,0.00
    280894.78,0.00
    281137.78,0.00
    281373.52,0.00
    281954.62,0.00
    282189.69,0.00
    282758.69,0.00
    282990.53,0.00
    283220.37,0.00
    283775.63,0.00
    284001.11,0.00
    284549.11,0.00
    284772.15,0.00
    284992.20,0.00
    285522.27,0.00
    285741.46,0.00
    286262.46,0.00
    286479.79,0.00
    286695.67,0.00
    287197.74,0.00
    287406.77,0.00
    287901.92,0.00
    288112.33,0.00
    288324.52,0.00
    288823.27,0.00
    289058.29,0.00
    289543.29,0.00
    289776.72,0.00
    290008.99,0.00
    290474.58,0.00
    290701.20,0.00
    291157.20,0.00
    291381.12,0.00
    291600.75,0.00
    292025.85,0.00
    292244.89,0.00
    292654.89,0.00
    292869.59,0.00
    293082.65,0.00
    293468.90,0.00
    293676.73,0.00
    294058.76,0.00
    294273.08,0.00
    294492.19,0.00
    294877.06,0.00
    295104.68,0.00
    295489.68,0.00
 PATH  FOUND 
 6) 0.00,0.00
    796.00,0.00
    1592.00,0.00
ERROR

Object origin:
170369.180000 0.000000

Eagle Command:
set wire_bend 2;
change layer tDocu;
set width 0;
poly (R -169905.180000 0.000000) (R -169440.180000 0.000000) (R -169905.180000 0.000000);
poly (R -170034.130000 0.000000) (R -169696.770000 0.000000) (R -168547.000000 0.000000) (R -168194.680000 0.000000) (R -167039.190000 0.000000) (R -166691.810000 0.000000) (R -166348.210000 0.000000) (R -165191.760000 0.000000) (R -164861.260000 0.000000) (R -163710.620000 0.000000) (R -163375.570000 0.000000) (R -163014.540000 0.000000) (R -162649.060000 0.000000) (R -161535.430000 0.000000) (R -161156.030000 0.000000) (R -160035.350000 0.000000) (R -159661.290000 0.000000) (R -159293.290000 0.000000) (R -158178.720000 0.000000) (R -157823.270000 0.000000) (R -156715.670000 0.000000) (R -170034.130000 0.000000);
poly (R -169956.180000 0.000000) (R -169541.700000 0.000000) (R -168403.790000 0.000000) (R -167987.540000 0.000000) (R -166855.540000 0.000000) (R -166436.270000 0.000000) (R -166014.940000 0.000000) (R -164890.370000 0.000000) (R -164465.220000 0.000000) (R -163345.220000 0.000000) (R -162919.370000 0.000000) (R -162491.800000 0.000000) (R -161394.680000 0.000000) (R -160969.520000 0.000000) (R -159883.520000 0.000000) (R -159458.500000 0.000000) (R -159033.570000 0.000000) (R -157960.930000 0.000000) (R -157533.060000 0.000000) (R -156467.060000 0.000000) (R -156039.320000 0.000000) (R -155611.730000 0.000000) (R -154561.110000 0.000000) (R -154136.220000 0.000000) (R -153093.220000 0.000000) (R -152669.050000 0.000000) (R -152246.840000 0.000000) (R -151246.230000 0.000000) (R -150825.370000 0.000000) (R -149845.370000 0.000000) (R -149424.370000 0.000000) (R -149003.270000 0.000000) (R -148051.010000 0.000000) (R -147630.280000 0.000000) (R -146691.280000 0.000000) (R -146269.110000 0.000000) (R -145845.100000 0.000000) (R -144935.220000 0.000000) (R -144508.500000 0.000000) (R -143615.500000 0.000000) (R -143195.040000 0.000000) (R -142781.120000 0.000000) (R -141919.440000 0.000000) (R -141508.780000 0.000000) (R -140665.780000 0.000000) (R -140252.350000 0.000000) (R -139838.570000 0.000000) (R -139010.280000 0.000000) (R -138592.410000 0.000000) (R -137764.780000 0.000000) (R -137350.100000 0.000000) (R -136941.600000 0.000000) (R -136094.320000 0.000000) (R -135686.670000 0.000000) (R -134835.670000 0.000000) (R -134428.540000 0.000000) (R -134024.910000 0.000000) (R -133127.320000 0.000000) (R -132705.470000 0.000000) (R -131782.470000 0.000000) (R -131361.940000 0.000000) (R -130941.700000 0.000000) (R -130008.270000 0.000000) (R -129590.980000 0.000000) (R -128651.980000 0.000000) (R -128234.940000 0.000000) (R -127819.480000 0.000000) (R -126811.260000 0.000000) (R -126393.740000 0.000000) (R -125350.740000 0.000000) (R -124931.700000 0.000000) (R -124512.340000 0.000000) (R -123454.680000 0.000000) (R -123032.770000 0.000000) (R -121967.770000 0.000000) (R -121545.590000 0.000000) (R -121123.120000 0.000000) (R -120042.240000 0.000000) (R -119622.560000 0.000000) (R -118533.560000 0.000000) (R -118113.520000 0.000000) (R -117693.070000 0.000000) (R -116583.410000 0.000000) (R -116160.430000 0.000000) (R -115041.430000 0.000000) (R -114620.750000 0.000000) (R -114201.290000 0.000000) (R -113073.090000 0.000000) (R -112658.160000 0.000000) (R -111525.160000 0.000000) (R -111112.290000 0.000000) (R -110701.920000 0.000000) (R -109556.560000 0.000000) (R -109146.940000 0.000000) (R -107995.940000 0.000000) (R -107589.200000 0.000000) (R -107187.800000 0.000000) (R -106012.030000 0.000000) (R -105628.880000 0.000000) (R -104452.960000 0.000000) (R -104081.960000 0.000000) (R -103716.210000 0.000000) (R -102541.150000 0.000000) (R -102181.550000 0.000000) (R -101011.590000 0.000000) (R -100654.540000 0.000000) (R -100298.750000 0.000000) (R -99139.230000 0.000000) (R -98782.360000 0.000000) (R -97623.450000 0.000000) (R -97269.610000 0.000000) (R -96918.260000 0.000000) (R -95756.970000 0.000000) (R -95408.730000 0.000000) (R -94246.630000 0.000000) (R -93900.670000 0.000000) (R -93560.400000 0.000000) (R -92396.230000 0.000000) (R -92060.700000 0.000000) (R -90899.010000 0.000000) (R -90569.010000 0.000000) (R -90244.860000 0.000000) (R -89097.120000 0.000000) (R -88784.100000 0.000000) (R -87640.840000 0.000000) (R -87316.780000 0.000000) (R -86983.260000 0.000000) (R -85833.910000 0.000000) (R -85490.770000 0.000000) (R -84345.800000 0.000000) (R -83994.990000 0.000000) (R -83640.230000 0.000000) (R -82502.610000 0.000000) (R -82147.030000 0.000000) (R -81012.940000 0.000000) (R -80655.040000 0.000000) (R -80295.900000 0.000000) (R -79165.530000 0.000000) (R -78803.520000 0.000000) (R -77675.480000 0.000000) (R -77313.110000 0.000000) (R -76950.240000 0.000000) (R -75827.750000 0.000000) (R -75471.650000 0.000000) (R -74350.690000 0.000000) (R -73996.650000 0.000000) (R -73649.400000 0.000000) (R -72541.640000 0.000000) (R -72195.230000 0.000000) (R -71094.040000 0.000000) (R -70742.310000 0.000000) (R -70385.120000 0.000000) (R -69289.830000 0.000000) (R -68925.000000 0.000000) (R -67824.380000 0.000000) (R -67453.550000 0.000000) (R -67081.150000 0.000000) (R -65972.310000 0.000000) (R -65594.820000 0.000000) (R -64489.290000 0.000000) (R -64109.480000 0.000000) (R -63722.730000 0.000000) (R -62642.860000 0.000000) (R -62257.890000 0.000000) (R -61188.890000 0.000000) (R -60806.360000 0.000000) (R -60425.910000 0.000000) (R -59376.450000 0.000000) (R -58996.120000 0.000000) (R -57956.120000 0.000000) (R -57577.330000 0.000000) (R -57199.640000 0.000000) (R -56172.650000 0.000000) (R -55798.270000 0.000000) (R -54778.270000 0.000000) (R -54404.230000 0.000000) (R -54031.000000 0.000000) (R -53042.750000 0.000000) (R -52665.470000 0.000000) (R -51693.470000 0.000000) (R -51314.640000 0.000000) (R -50933.890000 0.000000) (R -50001.800000 0.000000) (R -49623.290000 0.000000) (R -48711.290000 0.000000) (R -48333.280000 0.000000) (R -47955.510000 0.000000) (R -47063.620000 0.000000) (R -46683.330000 0.000000) (R -45801.330000 0.000000) (R -45422.540000 0.000000) (R -45044.960000 0.000000) (R -44178.470000 0.000000) (R -43806.210000 0.000000) (R -42947.210000 0.000000) (R -42577.670000 0.000000) (R -42210.930000 0.000000) (R -41368.470000 0.000000) (R -41001.630000 0.000000) (R -40166.630000 0.000000) (R -39803.000000 0.000000) (R -39446.110000 0.000000) (R -38640.870000 0.000000) (R -38292.740000 0.000000) (R -37504.740000 0.000000) (R -37159.300000 0.000000) (R -36815.950000 0.000000) (R -36069.480000 0.000000) (R -35724.510000 0.000000) (R -34985.330000 0.000000) (R -34627.160000 0.000000) (R -34260.500000 0.000000) (R -33521.760000 0.000000) (R -33137.320000 0.000000) (R -32395.560000 0.000000) (R -32002.560000 0.000000) (R -31601.750000 0.000000) (R -30850.640000 0.000000) (R -30445.870000 0.000000) (R -29689.160000 0.000000) (R -29278.870000 0.000000) (R -28852.320000 0.000000) (R -28058.510000 0.000000) (R -27620.330000 0.000000) (R -26804.330000 0.000000) (R -26359.780000 0.000000) (R -25910.950000 0.000000) (R -25060.490000 0.000000) (R -24607.260000 0.000000) (R -23741.260000 0.000000) (R -23288.520000 0.000000) (R -22836.200000 0.000000) (R -21943.560000 0.000000) (R -21494.220000 0.000000) (R -20588.220000 0.000000) (R -20139.210000 0.000000) (R -19690.910000 0.000000) (R -18726.910000 0.000000) (R -18276.680000 0.000000) (R -17283.680000 0.000000) (R -16834.720000 0.000000) (R -16386.610000 0.000000) (R -15355.270000 0.000000) (R -14910.270000 0.000000) (R -13859.270000 0.000000) (R -13414.270000 0.000000) (R -12969.270000 0.000000) (R -11898.650000 0.000000) (R -11454.690000 0.000000) (R -10374.690000 0.000000) (R -9929.390000 0.000000) (R -9482.680000 0.000000) (R -8380.700000 0.000000) (R -7930.180000 0.000000) (R -6818.180000 0.000000) (R -6369.470000 0.000000) (R -5921.800000 0.000000) (R -4799.100000 0.000000) (R -4356.670000 0.000000) (R -3228.670000 0.000000) (R -2788.640000 0.000000) (R -2355.340000 0.000000) (R -1203.600000 0.000000) (R -773.000000 0.000000) (R 378.000000 0.000000) (R -169956.180000 0.000000);
poly (R -170094.180000 0.000000) (R -169819.190000 0.000000) (R -168891.960000 0.000000) (R -168616.640000 0.000000) (R -167686.980000 0.000000) (R -167413.580000 0.000000) (R -167146.260000 0.000000) (R -166219.610000 0.000000) (R -165969.730000 0.000000) (R -165051.620000 0.000000) (R -164798.960000 0.000000) (R -164544.780000 0.000000) (R -163632.520000 0.000000) (R -163371.670000 0.000000) (R -162460.080000 0.000000) (R -162195.080000 0.000000) (R -161919.080000 0.000000) (R -161004.230000 0.000000) (R -160708.870000 0.000000) (R -159782.870000 0.000000) (R -159482.710000 0.000000) (R -159177.760000 0.000000) (R -158233.630000 0.000000) (R -157941.590000 0.000000) (R -157004.450000 0.000000) (R -156721.130000 0.000000) (R -156444.020000 0.000000) (R -155520.610000 0.000000) (R -155233.760000 0.000000) (R -154312.760000 0.000000) (R -154037.760000 0.000000) (R -153765.730000 0.000000) (R -153485.860000 0.000000) (R -152641.260000 0.000000) (R -152337.290000 0.000000) (R -151485.050000 0.000000) (R -151172.470000 0.000000) (R -150855.000000 0.000000) (R -149992.970000 0.000000) (R -149670.400000 0.000000) (R -148801.460000 0.000000) (R -148482.780000 0.000000) (R -148166.350000 0.000000) (R -147290.150000 0.000000) (R -146984.900000 0.000000) (R -146113.220000 0.000000) (R -145811.040000 0.000000) (R -145511.620000 0.000000) (R -144649.260000 0.000000) (R -144347.030000 0.000000) (R -143486.290000 0.000000) (R -143190.300000 0.000000) (R -142899.840000 0.000000) (R -142035.130000 0.000000) (R -141746.450000 0.000000) (R -140880.770000 0.000000) (R -140596.860000 0.000000) (R -140321.520000 0.000000) (R -139463.530000 0.000000) (R -139195.880000 0.000000) (R -138345.770000 0.000000) (R -170094.180000 0.000000);
poly (R -170153.180000 0.000000) (R -169930.990000 0.000000) (R -169431.430000 0.000000) (R -169194.800000 0.000000) (R -168703.010000 0.000000) (R -168463.300000 0.000000) (R -168220.240000 0.000000) (R -167756.230000 0.000000) (R -167523.380000 0.000000) (R -167067.380000 0.000000) (R -166837.470000 0.000000) (R -166612.400000 0.000000) (R -166182.770000 0.000000) (R -165958.650000 0.000000) (R -165542.650000 0.000000) (R -165320.900000 0.000000) (R -165100.910000 0.000000) (R -164703.540000 0.000000) (R -164486.540000 0.000000) (R -164099.540000 0.000000) (R -163882.540000 0.000000) (R -163660.150000 0.000000) (R -163267.530000 0.000000) (R -163037.300000 0.000000) (R -162648.330000 0.000000) (R -162412.650000 0.000000) (R -162172.790000 0.000000) (R -161794.670000 0.000000) (R -161557.600000 0.000000) (R -161183.600000 0.000000) (R -160946.600000 0.000000) (R -160709.880000 0.000000) (R -160365.650000 0.000000) (R -160140.520000 0.000000) (R -159812.520000 0.000000) (R -159587.520000 0.000000) (R -159357.240000 0.000000) (R -159022.230000 0.000000) (R -158784.660000 0.000000) (R -158452.690000 0.000000) (R -158209.840000 0.000000) (R -157961.490000 0.000000) (R -157645.440000 0.000000) (R -157399.130000 0.000000) (R -157088.130000 0.000000) (R -156843.140000 0.000000) (R -156602.970000 0.000000) (R -156332.840000 0.000000) (R -156098.780000 0.000000) (R -155847.780000 0.000000) (R -155611.780000 0.000000) (R -155371.340000 0.000000) (R -155107.620000 0.000000) (R -154851.180000 0.000000) (R -154591.870000 0.000000) (R -154330.470000 0.000000) (R -154065.280000 0.000000) (R -153823.620000 0.000000) (R -153562.010000 0.000000) (R -153325.010000 0.000000) (R -153063.840000 0.000000) (R -152803.840000 0.000000) (R -152591.530000 0.000000) (R -152329.720000 0.000000) (R -152129.720000 0.000000) (R -151868.810000 0.000000) (R -151608.450000 0.000000) (R -151422.810000 0.000000) (R -151165.750000 0.000000) (R -150987.750000 0.000000) (R -150730.750000 0.000000) (R -150467.890000 0.000000) (R -150289.530000 0.000000) (R -150022.260000 0.000000) (R -149840.060000 0.000000) (R -149568.060000 0.000000) (R -149293.350000 0.000000) (R -149102.160000 0.000000) (R -148821.550000 0.000000) (R -148631.880000 0.000000) (R -148347.200000 0.000000) (R -148058.140000 0.000000) (R -147879.930000 0.000000) (R -147593.410000 0.000000) (R -147418.410000 0.000000) (R -147132.510000 0.000000) (R -146848.130000 0.000000) (R -146688.190000 0.000000) (R -146408.080000 0.000000) (R -146256.080000 0.000000) (R -145977.460000 0.000000) (R -145700.280000 0.000000) (R -145563.580000 0.000000) (R -145285.230000 0.000000) (R -145156.230000 0.000000) (R -144878.190000 0.000000) (R -144600.340000 0.000000) (R -144484.450000 0.000000) (R -144204.390000 0.000000) (R -144083.530000 0.000000) (R -143797.000000 0.000000) (R -143508.270000 0.000000) (R -143382.580000 0.000000) (R -143093.330000 0.000000) (R -142965.990000 0.000000) (R -142674.520000 0.000000) (R -142380.790000 0.000000) (R -142253.200000 0.000000) (R -141957.230000 0.000000) (R -141832.290000 0.000000) (R -141536.320000 0.000000) (R -141240.320000 0.000000) (R -141168.590000 0.000000) (R -140896.510000 0.000000) (R -140853.510000 0.000000) (R -140581.510000 0.000000) (R -140302.050000 0.000000) (R -140247.620000 0.000000) (R -139964.510000 0.000000) (R -139903.510000 0.000000) (R -139615.990000 0.000000) (R -139323.050000 0.000000) (R -139247.030000 0.000000) (R -138947.260000 0.000000) (R -138863.260000 0.000000) (R -138557.910000 0.000000) (R -138248.180000 0.000000) (R -138153.220000 0.000000) (R -137837.530000 0.000000) (R -137736.530000 0.000000) (R -137416.290000 0.000000) (R -137087.800000 0.000000) (R -136960.840000 0.000000) (R -136626.080000 0.000000) (R -136486.080000 0.000000) (R -136147.170000 0.000000) (R -135804.350000 0.000000) (R -135638.020000 0.000000) (R -135295.370000 0.000000) (R -135116.370000 0.000000) (R -134772.190000 0.000000) (R -134426.790000 0.000000) (R -134227.920000 0.000000) (R -133878.940000 0.000000) (R -133669.940000 0.000000) (R -133320.130000 0.000000) (R -132968.930000 0.000000) (R -132726.920000 0.000000) (R -132377.580000 0.000000) (R -132118.580000 0.000000) (R -131766.260000 0.000000) (R -131412.290000 0.000000) (R -131136.800000 0.000000) (R -130776.900000 0.000000) (R -130492.900000 0.000000) (R -130129.380000 0.000000) (R -129759.800000 0.000000) (R -129446.260000 0.000000) (R -129071.940000 0.000000) (R -128743.940000 0.000000) (R -128364.120000 0.000000) (R -127980.990000 0.000000) (R -127633.250000 0.000000) (R -127249.100000 0.000000) (R -126892.100000 0.000000) (R -126508.100000 0.000000) (R -126124.170000 0.000000) (R -125757.040000 0.000000) (R -125376.260000 0.000000) (R -125005.740000 0.000000) (R -124622.130000 0.000000) (R -124232.270000 0.000000) (R -123865.770000 0.000000) (R -123465.490000 0.000000) (R -123102.870000 0.000000) (R -122697.870000 0.000000) (R -122284.720000 0.000000) (R -121941.940000 0.000000) (R -121522.090000 0.000000) (R -121183.910000 0.000000) (R -120754.910000 0.000000) (R -120322.240000 0.000000) (R -119985.020000 0.000000) (R -119547.970000 0.000000) (R -119211.060000 0.000000) (R -118770.060000 0.000000) (R -118325.760000 0.000000) (R -117990.680000 0.000000) (R -117542.920000 0.000000) (R -117206.510000 0.000000) (R -116755.510000 0.000000) (R -116294.240000 0.000000) (R -115939.380000 0.000000) (R -115482.030000 0.000000) (R -115119.030000 0.000000) (R -114657.570000 0.000000) (R -114191.070000 0.000000) (R -113816.250000 0.000000) (R -113337.890000 0.000000) (R -112955.250000 0.000000) (R -112471.270000 0.000000) (R -111980.150000 0.000000) (R -111570.100000 0.000000) (R -111087.390000 0.000000) (R -110667.390000 0.000000) (R -110187.390000 0.000000) (R -109715.660000 0.000000) (R -109305.660000 0.000000) (R -108835.380000 0.000000) (R -108429.760000 0.000000) (R -107965.940000 0.000000) (R -107507.380000 0.000000) (R -107099.280000 0.000000) (R -106642.030000 0.000000) (R -106230.030000 0.000000) (R -105771.680000 0.000000) (R -105312.760000 0.000000) (R -104896.800000 0.000000) (R -104437.270000 0.000000) (R -104019.270000 0.000000) (R -103559.270000 0.000000) (R -103126.260000 0.000000) (R -102733.930000 0.000000) (R -102318.720000 0.000000) (R -101937.550000 0.000000) (R -101543.550000 0.000000) (R -101155.930000 0.000000) (R -100779.930000 0.000000) (R -100398.670000 0.000000) (R -100026.410000 0.000000) (R -99651.410000 0.000000) (R -99277.920000 0.000000) (R -98908.300000 0.000000) (R -98537.910000 0.000000) (R -98166.310000 0.000000) (R -97797.390000 0.000000) (R -97430.120000 0.000000) (R -97053.870000 0.000000) (R -96682.190000 0.000000) (R -96304.990000 0.000000) (R -95931.990000 0.000000) (R -95552.640000 0.000000) (R -95169.560000 0.000000) (R -94783.330000 0.000000) (R -94396.620000 0.000000) (R -94003.620000 0.000000) (R -93593.150000 0.000000) (R -93177.090000 0.000000) (R -92754.890000 0.000000) (R -92332.730000 0.000000) (R -91891.730000 0.000000) (R -91442.500000 0.000000) (R -91016.580000 0.000000) (R -90555.910000 0.000000) (R -90136.910000 0.000000) (R -89669.910000 0.000000) (R -89182.900000 0.000000) (R -88741.080000 0.000000) (R -88245.540000 0.000000) (R -87783.540000 0.000000) (R -87277.940000 0.000000) (R -86766.760000 0.000000) (R -86279.550000 0.000000) (R -85763.590000 0.000000) (R -85263.600000 0.000000) (R -84750.920000 0.000000) (R -84240.160000 0.000000) (R -83724.710000 0.000000) (R -83223.590000 0.000000) (R -82700.590000 0.000000) (R -82203.090000 0.000000) (R -81708.260000 0.000000) (R -81173.980000 0.000000) (R -80678.910000 0.000000) (R -80138.910000 0.000000) (R -79645.560000 0.000000) (R -79154.800000 0.000000) (R -78597.230000 0.000000) (R -78110.890000 0.000000) (R -77544.890000 0.000000) (R -77061.890000 0.000000) (R -76586.820000 0.000000) (R -76040.890000 0.000000) (R -75565.700000 0.000000) (R -75012.320000 0.000000) (R -74548.300000 0.000000) (R -74085.990000 0.000000) (R -73530.150000 0.000000) (R -73069.440000 0.000000) (R -72512.440000 0.000000) (R -72053.440000 0.000000) (R -71592.300000 0.000000) (R -71057.520000 0.000000) (R -70592.990000 0.000000) (R -70066.990000 0.000000) (R -69596.820000 0.000000) (R -69125.070000 0.000000) (R -68606.650000 0.000000) (R -68131.170000 0.000000) (R -67615.100000 0.000000) (R -67143.430000 0.000000) (R -66676.610000 0.000000) (R -66153.900000 0.000000) (R -65700.440000 0.000000) (R -65176.440000 0.000000) (R -64728.440000 0.000000) (R -64281.770000 0.000000) (R -63773.630000 0.000000) (R -63318.220000 0.000000) (R -62818.220000 0.000000) (R -62358.640000 0.000000) (R -61897.230000 0.000000) (R -61404.550000 0.000000) (R -60944.160000 0.000000) (R -60455.160000 0.000000) (R -59993.600000 0.000000) (R -59531.480000 0.000000) (R -59054.270000 0.000000) (R -58584.770000 0.000000) (R -58107.560000 0.000000) (R -57643.720000 0.000000) (R -57184.930000 0.000000) (R -56690.930000 0.000000) (R -56246.420000 0.000000) (R -55753.420000 0.000000) (R -55297.420000 0.000000) (R -54845.420000 0.000000) (R -54402.050000 0.000000) (R -53914.640000 0.000000) (R -53477.300000 0.000000) (R -52991.980000 0.000000) (R -52562.980000 0.000000) (R -52151.710000 0.000000) (R -51661.800000 0.000000) (R -51272.130000 0.000000) (R -50788.080000 0.000000) (R -50416.080000 0.000000) (R -50053.120000 0.000000) (R -49575.850000 0.000000) (R -49216.100000 0.000000) (R -48748.100000 0.000000) (R -48387.750000 0.000000) (R -48027.300000 0.000000) (R -47564.160000 0.000000) (R -47203.660000 0.000000) (R -46740.030000 0.000000) (R -46381.950000 0.000000) (R -46026.660000 0.000000) (R -45557.840000 0.000000) (R -45202.920000 0.000000) (R -44731.920000 0.000000) (R -44377.320000 0.000000) (R -44023.910000 0.000000) (R -43539.590000 0.000000) (R -43180.410000 0.000000) (R -42693.010000 0.000000) (R -42327.010000 0.000000) (R -41946.810000 0.000000) (R -41454.870000 0.000000) (R -41047.200000 0.000000) (R -40557.200000 0.000000) (R -40134.200000 0.000000) (R -39709.570000 0.000000) (R -39274.830000 0.000000) (R -38836.740000 0.000000) (R -38392.830000 0.000000) (R -37950.830000 0.000000) (R -37516.700000 0.000000) (R -36894.870000 0.000000) (R -36468.100000 0.000000) (R -35847.760000 0.000000) (R -35428.760000 0.000000) (R -35016.740000 0.000000) (R -34395.920000 0.000000) (R -33990.960000 0.000000) (R -33369.970000 0.000000) (R -32971.970000 0.000000) (R -32576.140000 0.000000) (R -31956.460000 0.000000) (R -31573.750000 0.000000) (R -30949.920000 0.000000) (R -30566.290000 0.000000) (R -30182.020000 0.000000) (R -29556.020000 0.000000) (R -29166.060000 0.000000) (R -28540.060000 0.000000) (R -28148.060000 0.000000) (R -27747.990000 0.000000) (R -27124.170000 0.000000) (R -26715.100000 0.000000) (R -26089.760000 0.000000) (R -25672.760000 0.000000) (R -25244.190000 0.000000) (R -24607.840000 0.000000) (R -24168.890000 0.000000) (R -23531.070000 0.000000) (R -23080.070000 0.000000) (R -22614.340000 0.000000) (R -21985.870000 0.000000) (R -21513.660000 0.000000) (R -20888.250000 0.000000) (R -20403.250000 0.000000) (R -19913.850000 0.000000) (R -19290.600000 0.000000) (R -18793.980000 0.000000) (R -18169.470000 0.000000) (R -17668.470000 0.000000) (R -17164.000000 0.000000) (R -16535.250000 0.000000) (R -16028.020000 0.000000) (R -15399.310000 0.000000) (R -14888.310000 0.000000) (R -14372.730000 0.000000) (R -13748.920000 0.000000) (R -13229.040000 0.000000) (R -12607.040000 0.000000) (R -12083.040000 0.000000) (R -11558.040000 0.000000) (R -11039.860000 0.000000) (R -10524.940000 0.000000) (R -9992.940000 0.000000) (R -9464.900000 0.000000) (R -8801.170000 0.000000) (R -8276.370000 0.000000) (R -7606.370000 0.000000) (R -7086.810000 0.000000) (R -6569.130000 0.000000) (R -5893.590000 0.000000) (R -5380.130000 0.000000) (R -4701.270000 0.000000) (R -4187.350000 0.000000) (R -3672.570000 0.000000) (R -2989.650000 0.000000) (R -2461.510000 0.000000) (R -1779.510000 0.000000) (R -1247.510000 0.000000) (R -722.590000 0.000000) (R -24.630000 0.000000) (R 485.310000 0.000000) (R 1184.480000 0.000000) (R 1682.480000 0.000000) (R 2177.070000 0.000000) (R 2877.960000 0.000000) (R 3368.300000 0.000000) (R 4067.270000 0.000000) (R 4554.420000 0.000000) (R 5037.350000 0.000000) (R 5722.370000 0.000000) (R 6210.790000 0.000000) (R 6896.420000 0.000000) (R 7381.290000 0.000000) (R 7860.850000 0.000000) (R 8556.390000 0.000000) (R 9031.770000 0.000000) (R 9729.660000 0.000000) (R 10199.660000 0.000000) (R 10655.280000 0.000000) (R 11362.160000 0.000000) (R 11803.900000 0.000000) (R 12514.510000 0.000000) (R 12941.510000 0.000000) (R 13359.690000 0.000000) (R 14075.730000 0.000000) (R 14487.100000 0.000000) (R 15203.100000 0.000000) (R 15605.100000 0.000000) (R 15999.290000 0.000000) (R 16713.760000 0.000000) (R 17098.660000 0.000000) (R 17807.550000 0.000000) (R 18186.590000 0.000000) (R 18563.770000 0.000000) (R 19261.950000 0.000000) (R 19635.210000 0.000000) (R 20334.560000 0.000000) (R 20704.830000 0.000000) (R 21072.040000 0.000000) (R 21777.170000 0.000000) (R 22146.470000 0.000000) (R 22853.430000 0.000000) (R 23223.800000 0.000000) (R 23597.390000 0.000000) (R 24314.560000 0.000000) (R 24694.460000 0.000000) (R 25413.220000 0.000000) (R 25799.220000 0.000000) (R 26205.210000 0.000000) (R 26922.840000 0.000000) (R 27348.300000 0.000000) (R 28062.300000 0.000000) (R 28507.300000 0.000000) (R 28952.300000 0.000000) (R 29714.950000 0.000000) (R 30163.420000 0.000000) (R 30939.420000 0.000000) (R 31371.420000 0.000000) (R 31794.270000 0.000000) (R 32542.320000 0.000000) (R 32955.740000 0.000000) (R 33694.990000 0.000000) (R 34094.990000 0.000000) (R 34482.860000 0.000000) (R 35215.010000 0.000000) (R 35583.770000 0.000000) (R 36317.480000 0.000000) (R 36672.480000 0.000000) (R 37023.360000 0.000000) (R 37756.360000 0.000000) (R 38103.180000 0.000000) (R 38838.160000 0.000000) (R 39181.160000 0.000000) (R 39516.720000 0.000000) (R 40264.130000 0.000000) (R 40596.150000 0.000000) (R 41347.230000 0.000000) (R 41672.140000 0.000000) (R 41976.850000 0.000000) (R 42747.010000 0.000000) (R 43029.250000 0.000000) (R 43807.250000 0.000000) (R 44068.250000 0.000000) (R 44316.450000 0.000000) (R 44552.850000 0.000000) (R 44786.330000 0.000000) (R 45014.330000 0.000000) (R 45246.780000 0.000000) (R 45949.930000 0.000000) (R 46193.670000 0.000000) (R 46887.440000 0.000000) (R 47135.200000 0.000000) (R 47384.970000 0.000000) (R 48059.370000 0.000000) (R 48301.560000 0.000000) (R 48970.560000 0.000000) (R 49211.460000 0.000000) (R 49449.050000 0.000000) (R 50089.580000 0.000000) (R 50328.080000 0.000000) (R 50955.080000 0.000000) (R 51189.530000 0.000000) (R 51421.420000 0.000000) (R 52033.720000 0.000000) (R 52260.090000 0.000000) (R 52863.090000 0.000000) (R 53088.090000 0.000000) (R 53317.760000 0.000000) (R 53932.710000 0.000000) (R 54176.220000 0.000000) (R 54783.900000 0.000000) (R 55031.850000 0.000000) (R 55282.400000 0.000000) (R 55868.690000 0.000000) (R 56110.040000 0.000000) (R 56691.040000 0.000000) (R 56930.920000 0.000000) (R 57166.650000 0.000000) (R 57718.510000 0.000000) (R 57947.980000 0.000000) (R 58484.980000 0.000000) (R 58710.730000 0.000000) (R 58933.090000 0.000000) (R 59443.200000 0.000000) (R 59664.260000 0.000000) (R 60161.260000 0.000000) (R 60377.260000 0.000000) (R 60620.260000 0.000000) (R 60845.890000 0.000000) (R 61676.840000 0.000000) (R 61909.940000 0.000000) (R 62724.940000 0.000000) (R 62966.120000 0.000000) (R 63212.620000 0.000000) (R 64006.950000 0.000000) (R 64257.910000 0.000000) (R 65044.210000 0.000000) (R 65304.250000 0.000000) (R 65580.770000 0.000000) (R 66349.140000 0.000000) (R 66650.750000 0.000000) (R 67409.630000 0.000000) (R 67730.630000 0.000000) (R 68062.160000 0.000000) (R 68802.700000 0.000000) (R 69140.910000 0.000000) (R 69879.910000 0.000000) (R 70229.910000 0.000000) (R 70558.110000 0.000000) (R 71364.350000 0.000000) (R 71709.760000 0.000000) (R 72546.760000 0.000000) (R 72905.390000 0.000000) (R 73266.940000 0.000000) (R 74118.850000 0.000000) (R 74480.500000 0.000000) (R 75339.500000 0.000000) (R 75703.390000 0.000000) (R 76069.760000 0.000000) (R 76943.830000 0.000000) (R 77314.950000 0.000000) (R 78196.950000 0.000000) (R 78570.310000 0.000000) (R 78946.360000 0.000000) (R 79849.530000 0.000000) (R 80222.300000 0.000000) (R 81135.300000 0.000000) (R 81508.310000 0.000000) (R 81881.790000 0.000000) (R 82832.740000 0.000000) (R 83208.390000 0.000000) (R 84178.390000 0.000000) (R 84552.220000 0.000000) (R 84924.350000 0.000000) (R 85929.130000 0.000000) (R 86296.540000 0.000000) (R 87319.540000 0.000000) (R 87688.640000 0.000000) (R 88059.990000 0.000000) (R 89133.310000 0.000000) (R 89519.020000 0.000000) (R 90616.020000 0.000000) (R 90992.020000 0.000000) (R 91361.550000 0.000000) (R 92451.020000 0.000000) (R 92815.840000 0.000000) (R 93907.260000 0.000000) (R 94264.260000 0.000000) (R 94600.720000 0.000000) (R 95719.900000 0.000000) (R 96061.980000 0.000000) (R 97189.980000 0.000000) (R 97544.980000 0.000000) (R 97891.850000 0.000000) (R 98223.850000 0.000000) (R 98552.590000 0.000000) (R 99658.970000 0.000000) (R 99987.930000 0.000000) (R 101078.930000 0.000000) (R 101405.490000 0.000000) (R 101728.990000 0.000000) (R 102780.530000 0.000000) (R 103099.090000 0.000000) (R 104131.090000 0.000000) (R 104447.270000 0.000000) (R 104760.970000 0.000000) (R 105747.730000 0.000000) (R 106061.740000 0.000000) (R 107029.740000 0.000000) (R 107334.610000 0.000000) (R 107636.540000 0.000000) (R 108594.630000 0.000000) (R 108891.730000 0.000000) (R 109844.730000 0.000000) (R 110137.730000 0.000000) (R 110453.510000 0.000000) (R 111387.750000 0.000000) (R 111720.730000 0.000000) (R 112634.730000 0.000000) (R 112948.640000 0.000000) (R 113249.850000 0.000000) (R 114144.740000 0.000000) (R 114422.480000 0.000000) (R 115315.200000 0.000000) (R 115575.200000 0.000000) (R 115829.370000 0.000000) (R 116720.090000 0.000000) (R 116966.710000 0.000000) (R 117859.720000 0.000000) (R 118100.720000 0.000000) (R 118331.110000 0.000000) (R 119242.770000 0.000000) (R 119468.800000 0.000000) (R 120390.800000 0.000000) (R 120616.800000 0.000000) (R 120832.080000 0.000000) (R 121715.110000 0.000000) (R 121932.530000 0.000000) (R 122802.530000 0.000000) (R 123026.170000 0.000000) (R 123251.680000 0.000000) (R 124108.240000 0.000000) (R 124337.300000 0.000000) (R 125193.220000 0.000000) (R 125427.310000 0.000000) (R 125664.440000 0.000000) (R 126523.350000 0.000000) (R 126763.290000 0.000000) (R 127624.010000 0.000000) (R 127865.970000 0.000000) (R 128113.330000 0.000000) (R 128982.310000 0.000000) (R 129235.010000 0.000000) (R 130107.580000 0.000000) (R 130366.580000 0.000000) (R 130641.710000 0.000000) (R 131525.710000 0.000000) (R 131821.490000 0.000000) (R 132705.490000 0.000000) (R 133019.490000 0.000000) (R 133339.060000 0.000000) (R 134224.590000 0.000000) (R 134552.500000 0.000000) (R 135435.470000 0.000000) (R 135768.470000 0.000000) (R 136111.690000 0.000000) (R 136976.660000 0.000000) (R 137320.830000 0.000000) (R 138175.830000 0.000000) (R 138518.700000 0.000000) (R 138860.300000 0.000000) (R 139699.560000 0.000000) (R 140028.170000 0.000000) (R 140863.170000 0.000000) (R 141184.170000 0.000000) (R 141481.520000 0.000000) (R 142295.700000 0.000000) (R 142538.700000 0.000000) (R 143392.700000 0.000000) (R 143635.700000 0.000000) (R 143867.210000 0.000000) (R 144105.270000 0.000000) (R 145005.290000 0.000000) (R 145283.780000 0.000000) (R 146193.750000 0.000000) (R 146491.750000 0.000000) (R 146798.470000 0.000000) (R 147720.540000 0.000000) (R 148040.330000 0.000000) (R 148974.330000 0.000000) (R 149291.470000 0.000000) (R 149606.530000 0.000000) (R 150550.970000 0.000000) (R 150858.900000 0.000000) (R 151805.270000 0.000000) (R 152105.270000 0.000000) (R 152390.020000 0.000000) (R 153332.780000 0.000000) (R 153591.970000 0.000000) (R 154526.870000 0.000000) (R 154772.830000 0.000000) (R 155011.070000 0.000000) (R 155937.710000 0.000000) (R 156167.050000 0.000000) (R 157083.050000 0.000000) (R 157314.560000 0.000000) (R 157563.500000 0.000000) (R 157823.980000 0.000000) (R 158655.660000 0.000000) (R 158960.130000 0.000000) (R 159801.850000 0.000000) (R 160123.850000 0.000000) (R 160456.950000 0.000000) (R 161313.900000 0.000000) (R 161656.940000 0.000000) (R 162527.940000 0.000000) (R 162864.710000 0.000000) (R 163197.220000 0.000000) (R 164076.220000 0.000000) (R 164400.040000 0.000000) (R 165279.040000 0.000000) (R 165594.040000 0.000000) (R 165891.550000 0.000000) (R 166768.420000 0.000000) (R 167044.710000 0.000000) (R 167912.310000 0.000000) (R 168173.310000 0.000000) (R 168427.130000 0.000000) (R 169280.200000 0.000000) (R 169525.180000 0.000000) (R 170369.180000 0.000000) (R -170153.180000 0.000000);
poly (R -170136.180000 0.000000) (R -169905.140000 0.000000) (R -169536.870000 0.000000) (R -169304.900000 0.000000) (R -168944.900000 0.000000) (R -168715.470000 0.000000) (R -168488.370000 0.000000) (R -168142.570000 0.000000) (R -167920.390000 0.000000) (R -167582.390000 0.000000) (R -167361.870000 0.000000) (R -167142.070000 0.000000) (R -166816.610000 0.000000) (R -166598.150000 0.000000) (R -166275.120000 0.000000) (R -166053.520000 0.000000) (R -165827.070000 0.000000) (R -165500.940000 0.000000) (R -165264.440000 0.000000) (R -164936.440000 0.000000) (R -164695.440000 0.000000) (R -164454.440000 0.000000) (R -164166.760000 0.000000) (R -163933.750000 0.000000) (R -163666.750000 0.000000) (R -163434.750000 0.000000) (R -163203.000000 0.000000) (R -162952.410000 0.000000) (R -162725.180000 0.000000) (R -162478.150000 0.000000) (R -162245.720000 0.000000) (R -162007.900000 0.000000) (R -161756.030000 0.000000) (R -161504.560000 0.000000) (R -161250.560000 0.000000) (R -160993.560000 0.000000) (R -160736.560000 0.000000) (R -160520.800000 0.000000) (R -160262.040000 0.000000) (R -160063.040000 0.000000) (R -159807.710000 0.000000) (R -159553.640000 0.000000) (R -159374.210000 0.000000) (R -159125.880000 0.000000) (R -158952.270000 0.000000) (R -158699.240000 0.000000) (R -158444.370000 0.000000) (R -158271.770000 0.000000) (R -158013.190000 0.000000) (R -157840.360000 0.000000) (R -157579.360000 0.000000) (R -157308.670000 0.000000) (R -157131.560000 0.000000) (R -156857.040000 0.000000) (R -156674.040000 0.000000) (R -156392.040000 0.000000) (R -156114.460000 0.000000) (R -155964.610000 0.000000) (R -155693.570000 0.000000) (R -155562.570000 0.000000) (R -155289.740000 0.000000) (R -155015.860000 0.000000) (R -154906.860000 0.000000) (R -154631.420000 0.000000) (R -154515.420000 0.000000) (R -154225.420000 0.000000) (R -153937.280000 0.000000) (R -153858.560000 0.000000) (R -153582.670000 0.000000) (R -153521.670000 0.000000) (R -153251.550000 0.000000) (R -152983.270000 0.000000) (R -152938.420000 0.000000) (R -152674.560000 0.000000) (R -152635.130000 0.000000) (R -152366.530000 0.000000) (R -152091.410000 0.000000) (R -152046.880000 0.000000) (R -151763.420000 0.000000) (R -151714.420000 0.000000) (R -151427.710000 0.000000) (R -151132.460000 0.000000) (R -151059.880000 0.000000) (R -150756.360000 0.000000) (R -150672.360000 0.000000) (R -150359.840000 0.000000) (R -150041.090000 0.000000) (R -149943.300000 0.000000) (R -149617.230000 0.000000) (R -149510.230000 0.000000) (R -149179.600000 0.000000) (R -148843.950000 0.000000) (R -148716.060000 0.000000) (R -148374.230000 0.000000) (R -148235.230000 0.000000) (R -147890.750000 0.000000) (R -147543.300000 0.000000) (R -147378.810000 0.000000) (R -147031.570000 0.000000) (R -146854.570000 0.000000) (R -146505.240000 0.000000) (R -146154.200000 0.000000) (R -145956.700000 0.000000) (R -145602.520000 0.000000) (R -145394.520000 0.000000) (R -145039.610000 0.000000) (R -144683.430000 0.000000) (R -144439.350000 0.000000) (R -144086.550000 0.000000) (R -143824.550000 0.000000) (R -143465.610000 0.000000) (R -143097.990000 0.000000) (R -142786.760000 0.000000) (R -142403.810000 0.000000) (R -142065.810000 0.000000) (R -141678.370000 0.000000) (R -141289.190000 0.000000) (R -140930.270000 0.000000) (R -140539.000000 0.000000) (R -140170.000000 0.000000) (R -139783.000000 0.000000) (R -139388.290000 0.000000) (R -139030.360000 0.000000) (R -138627.270000 0.000000) (R -138276.360000 0.000000) (R -137866.530000 0.000000) (R -137451.260000 0.000000) (R -137114.360000 0.000000) (R -136695.640000 0.000000) (R -136362.460000 0.000000) (R -135936.460000 0.000000) (R -135504.810000 0.000000) (R -135174.920000 0.000000) (R -134732.190000 0.000000) (R -134402.060000 0.000000) (R -133953.060000 0.000000) (R -133487.200000 0.000000) (R -133137.390000 0.000000) (R -132676.080000 0.000000) (R -132316.080000 0.000000) (R -131849.620000 0.000000) (R -131378.160000 0.000000) (R -131007.280000 0.000000) (R -130525.000000 0.000000) (R -130146.610000 0.000000) (R -129658.350000 0.000000) (R -129160.790000 0.000000) (R -128747.590000 0.000000) (R -128259.600000 0.000000) (R -127834.600000 0.000000) (R -127350.600000 0.000000) (R -126846.060000 0.000000) (R -126378.110000 0.000000) (R -125860.120000 0.000000) (R -125373.120000 0.000000) (R -124855.120000 0.000000) (R -124337.120000 0.000000) (R -123838.000000 0.000000) (R -123318.790000 0.000000) (R -122814.790000 0.000000) (R -122297.390000 0.000000) (R -121783.430000 0.000000) (R -121263.670000 0.000000) (R -120759.390000 0.000000) (R -120229.390000 0.000000) (R -119728.490000 0.000000) (R -119231.040000 0.000000) (R -118669.040000 0.000000) (R -118173.220000 0.000000) (R -117603.820000 0.000000) (R -117117.120000 0.000000) (R -116638.980000 0.000000) (R -116075.710000 0.000000) (R -115604.400000 0.000000) (R -115047.400000 0.000000) (R -114578.400000 0.000000) (R -114112.530000 0.000000) (R -113547.080000 0.000000) (R -113086.590000 0.000000) (R -112522.340000 0.000000) (R -112066.060000 0.000000) (R -111613.730000 0.000000) (R -111056.810000 0.000000) (R -110603.750000 0.000000) (R -110049.750000 0.000000) (R -109596.000000 0.000000) (R -109139.890000 0.000000) (R -108606.610000 0.000000) (R -108146.920000 0.000000) (R -107622.920000 0.000000) (R -107158.920000 0.000000) (R -106702.920000 0.000000) (R -106256.770000 0.000000) (R -105813.940000 0.000000) (R -105368.540000 0.000000) (R -104939.540000 0.000000) (R -104510.540000 0.000000) (R -103993.560000 0.000000) (R -103557.160000 0.000000) (R -103025.160000 0.000000) (R -102585.780000 0.000000) (R -102142.160000 0.000000) (R -101567.440000 0.000000) (R -101124.270000 0.000000) (R -100528.270000 0.000000) (R -100081.350000 0.000000) (R -99633.030000 0.000000) (R -99021.110000 0.000000) (R -98571.980000 0.000000) (R -97951.980000 0.000000) (R -97502.980000 0.000000) (R -97054.030000 0.000000) (R -96426.010000 0.000000) (R -95979.110000 0.000000) (R -95348.620000 0.000000) (R -94899.890000 0.000000) (R -94444.450000 0.000000) (R -93819.020000 0.000000) (R -93347.910000 0.000000) (R -92725.480000 0.000000) (R -92248.470000 0.000000) (R -91764.690000 0.000000) (R -91146.930000 0.000000) (R -90651.440000 0.000000) (R -90032.160000 0.000000) (R -89529.160000 0.000000) (R -89023.470000 0.000000) (R -88401.250000 0.000000) (R -87893.020000 0.000000) (R -87270.970000 0.000000) (R -86759.970000 0.000000) (R -86243.770000 0.000000) (R -85628.560000 0.000000) (R -85109.160000 0.000000) (R -84493.870000 0.000000) (R -83968.930000 0.000000) (R -83432.580000 0.000000) (R -82793.160000 0.000000) (R -82268.440000 0.000000) (R -81624.440000 0.000000) (R -81101.440000 0.000000) (R -80575.030000 0.000000) (R -79931.990000 0.000000) (R -79400.280000 0.000000) (R -78755.250000 0.000000) (R -78220.570000 0.000000) (R -77682.030000 0.000000) (R -77029.140000 0.000000) (R -76492.740000 0.000000) (R -75836.740000 0.000000) (R -75302.120000 0.000000) (R -74771.880000 0.000000) (R -74101.320000 0.000000) (R -73575.670000 0.000000) (R -72897.670000 0.000000) (R -72376.670000 0.000000) (R -71850.830000 0.000000) (R -71177.130000 0.000000) (R -70641.890000 0.000000) (R -69964.860000 0.000000) (R -69425.460000 0.000000) (R -68880.320000 0.000000) (R -68189.790000 0.000000) (R -67656.830000 0.000000) (R -66963.830000 0.000000) (R -66433.870000 0.000000) (R -65913.830000 0.000000) (R -65200.580000 0.000000) (R -64712.860000 0.000000) (R -64013.860000 0.000000) (R -63534.860000 0.000000) (R -63056.860000 0.000000) (R -62605.830000 0.000000) (R -62155.830000 0.000000) (R -61693.630000 0.000000) (R -60965.100000 0.000000) (R -60493.310000 0.000000) (R -59769.070000 0.000000) (R -59285.070000 0.000000) (R -58792.790000 0.000000) (R -58081.500000 0.000000) (R -57580.240000 0.000000) (R -56861.090000 0.000000) (R -56351.180000 0.000000) (R -55823.950000 0.000000) (R -55069.260000 0.000000) (R -54546.530000 0.000000) (R -53771.530000 0.000000) (R -53244.160000 0.000000) (R -52714.450000 0.000000) (R -51913.460000 0.000000) (R -51372.650000 0.000000) (R -50571.650000 0.000000) (R -50048.650000 0.000000) (R -49526.580000 0.000000) (R -48711.000000 0.000000) (R -48189.160000 0.000000) (R -47366.160000 0.000000) (R -46844.150000 0.000000) (R -46322.080000 0.000000) (R -45492.750000 0.000000) (R -44969.450000 0.000000) (R -44138.050000 0.000000) (R -43616.170000 0.000000) (R -43096.560000 0.000000) (R -42263.460000 0.000000) (R -41752.650000 0.000000) (R -40921.210000 0.000000) (R -40413.210000 0.000000) (R -39910.480000 0.000000) (R -39088.570000 0.000000) (R -38593.440000 0.000000) (R -37776.450000 0.000000) (R -37284.940000 0.000000) (R -36796.510000 0.000000) (R -35988.320000 0.000000) (R -35500.430000 0.000000) (R -34695.010000 0.000000) (R -34212.020000 0.000000) (R -33738.470000 0.000000) (R -32934.090000 0.000000) (R -32465.790000 0.000000) (R -31659.400000 0.000000) (R -31200.400000 0.000000) (R -30743.630000 0.000000) (R -29934.670000 0.000000) (R -29483.840000 0.000000) (R -28678.110000 0.000000) (R -28228.360000 0.000000) (R -27779.990000 0.000000) (R -26978.830000 0.000000) (R -26522.090000 0.000000) (R -25721.750000 0.000000) (R -25262.750000 0.000000) (R -24794.300000 0.000000) (R -23999.150000 0.000000) (R -23521.620000 0.000000) (R -22721.200000 0.000000) (R -22234.200000 0.000000) (R -21735.740000 0.000000) (R -20910.110000 0.000000) (R -20408.500000 0.000000) (R -19580.500000 0.000000) (R -19063.500000 0.000000) (R -18546.500000 0.000000) (R -17741.090000 0.000000) (R -17221.150000 0.000000) (R -16421.890000 0.000000) (R -15905.780000 0.000000) (R -15391.760000 0.000000) (R -14597.310000 0.000000) (R -14088.120000 0.000000) (R -13296.160000 0.000000) (R -12789.930000 0.000000) (R -12285.250000 0.000000) (R -11498.400000 0.000000) (R -10996.620000 0.000000) (R -10211.450000 0.000000) (R -9706.830000 0.000000) (R -9200.140000 0.000000) (R -8413.840000 0.000000) (R -7904.420000 0.000000) (R -7117.030000 0.000000) (R -6606.030000 0.000000) (R -6089.670000 0.000000) (R -5295.200000 0.000000) (R -4773.600000 0.000000) (R -3977.600000 0.000000) (R -3449.600000 0.000000) (R -2922.180000 0.000000) (R -2137.810000 0.000000) (R -1614.430000 0.000000) (R -836.430000 0.000000) (R -314.260000 0.000000) (R 205.320000 0.000000) (R 954.960000 0.000000) (R 1476.840000 0.000000) (R 2213.840000 0.000000) (R 2728.890000 0.000000) (R 3241.710000 0.000000) (R 3964.620000 0.000000) (R 4472.460000 0.000000) (R 5194.850000 0.000000) (R 5697.420000 0.000000) (R 6195.110000 0.000000) (R 6922.780000 0.000000) (R 7415.220000 0.000000) (R 8144.460000 0.000000) (R 8632.460000 0.000000) (R 9108.320000 0.000000) (R 9843.790000 0.000000) (R 10306.050000 0.000000) (R 11037.050000 0.000000) (R 11487.050000 0.000000) (R 11937.050000 0.000000) (R 12686.430000 0.000000) (R 13137.220000 0.000000) (R 13895.220000 0.000000) (R 14342.980000 0.000000) (R 14788.410000 0.000000) (R 15563.750000 0.000000) (R 16001.260000 0.000000) (R 16783.260000 0.000000) (R 17220.840000 0.000000) (R 17658.490000 0.000000) (R 18459.050000 0.000000) (R 18904.920000 0.000000) (R 19712.920000 0.000000) (R 20161.060000 0.000000) (R 20614.420000 0.000000) (R 21457.680000 0.000000) (R 21913.270000 0.000000) (R 22774.270000 0.000000) (R 23231.980000 0.000000) (R 23691.490000 0.000000) (R 24584.280000 0.000000) (R 25038.810000 0.000000) (R 25946.810000 0.000000) (R 26400.850000 0.000000) (R 26853.960000 0.000000) (R 27820.580000 0.000000) (R 28275.830000 0.000000) (R 29271.830000 0.000000) (R 29725.790000 0.000000) (R 30179.270000 0.000000) (R 31197.250000 0.000000) (R 31647.770000 0.000000) (R 32676.770000 0.000000) (R 33126.810000 0.000000) (R 33576.180000 0.000000) (R 34637.080000 0.000000) (R 35085.640000 0.000000) (R 36161.640000 0.000000) (R 36611.810000 0.000000) (R 37063.300000 0.000000) (R 38165.890000 0.000000) (R 38622.160000 0.000000) (R 39737.160000 0.000000) (R 40190.880000 0.000000) (R 40643.700000 0.000000) (R 41766.850000 0.000000) (R 42216.190000 0.000000) (R 43343.190000 0.000000) (R 43790.350000 0.000000) (R 44232.700000 0.000000) (R 45383.170000 0.000000) (R 45822.610000 0.000000) (R 46977.710000 0.000000) (R 47407.700000 0.000000) (R 47831.550000 0.000000) (R 48985.670000 0.000000) (R 49401.050000 0.000000) (R 50558.670000 0.000000) (R 50968.840000 0.000000) (R 51368.080000 0.000000) (R 52546.010000 0.000000) (R 52936.970000 0.000000) (R 54117.590000 0.000000) (R 54494.590000 0.000000) (R 54865.570000 0.000000) (R 56047.430000 0.000000) (R 56407.600000 0.000000) (R 57585.170000 0.000000) (R 57940.500000 0.000000) (R 58293.190000 0.000000) (R 59462.940000 0.000000) (R 59814.850000 0.000000) (R 60983.200000 0.000000) (R 61331.900000 0.000000) (R 61677.610000 0.000000) (R 62846.670000 0.000000) (R 63186.980000 0.000000) (R 64355.960000 0.000000) (R 64692.960000 0.000000) (R 65023.640000 0.000000) (R 66189.790000 0.000000) (R 66513.850000 0.000000) (R 67676.060000 0.000000) (R 67995.170000 0.000000) (R 68303.070000 0.000000) (R 69441.080000 0.000000) (R 69756.700000 0.000000) (R 70893.700000 0.000000) (R 71221.700000 0.000000) (R 71540.840000 0.000000) (R 72648.510000 0.000000) (R 72972.200000 0.000000) (R 74066.200000 0.000000) (R 74387.760000 0.000000) (R 74704.670000 0.000000) (R 75739.040000 0.000000) (R 76051.930000 0.000000) (R 77056.930000 0.000000) (R 77363.600000 0.000000) (R 77667.750000 0.000000) (R 78650.280000 0.000000) (R 78955.760000 0.000000) (R 79926.760000 0.000000) (R 80226.630000 0.000000) (R 80509.750000 0.000000) (R 81465.320000 0.000000) (R 81701.100000 0.000000) (R 82622.100000 0.000000) (R 82840.100000 0.000000) (R 83054.760000 0.000000) (R 83962.780000 0.000000) (R 84178.050000 0.000000) (R 85079.050000 0.000000) (R 85294.010000 0.000000) (R 85508.260000 0.000000) (R 86368.060000 0.000000) (R 86581.000000 0.000000) (R 87432.000000 0.000000) (R 87663.000000 0.000000) (R 87885.090000 0.000000) (R 88699.000000 0.000000) (R 88931.750000 0.000000) (R 89726.760000 0.000000) (R 89971.510000 0.000000) (R 90218.920000 0.000000) (R 91005.340000 0.000000) (R 91259.810000 0.000000) (R 92041.230000 0.000000) (R 92296.510000 0.000000) (R 92552.480000 0.000000) (R 93320.820000 0.000000) (R 93570.340000 0.000000) (R 94334.340000 0.000000) (R 94582.430000 0.000000) (R 94826.090000 0.000000) (R 95566.040000 0.000000) (R 95801.370000 0.000000) (R 96528.370000 0.000000) (R 96758.930000 0.000000) (R 96987.460000 0.000000) (R 97703.050000 0.000000) (R 97932.380000 0.000000) (R 98642.380000 0.000000) (R 98870.040000 0.000000) (R 99096.440000 0.000000) (R 99785.680000 0.000000) (R 100003.730000 0.000000) (R 100690.330000 0.000000) (R 100913.650000 0.000000) (R 101144.150000 0.000000) (R 101835.740000 0.000000) (R 102071.280000 0.000000) (R 102763.280000 0.000000) (R 103005.280000 0.000000) (R 103243.410000 0.000000) (R 103910.480000 0.000000) (R 104144.650000 0.000000) (R 104798.650000 0.000000) (R 105030.950000 0.000000) (R 105261.980000 0.000000) (R 105897.340000 0.000000) (R 106129.880000 0.000000) (R 106756.880000 0.000000) (R 106985.120000 0.000000) (R 107210.360000 0.000000) (R 107816.570000 0.000000) (R 108031.540000 0.000000) (R 108631.140000 0.000000) (R 108852.740000 0.000000) (R 109079.390000 0.000000) (R 109682.870000 0.000000) (R 109920.600000 0.000000) (R 110525.600000 0.000000) (R 110768.600000 0.000000) (R 111004.340000 0.000000) (R 111585.440000 0.000000) (R 111820.510000 0.000000) (R 112389.510000 0.000000) (R 112621.350000 0.000000) (R 112851.190000 0.000000) (R 113406.450000 0.000000) (R 113631.930000 0.000000) (R 114179.930000 0.000000) (R 114402.970000 0.000000) (R 114623.020000 0.000000) (R 115153.090000 0.000000) (R 115372.280000 0.000000) (R 115893.280000 0.000000) (R 116110.610000 0.000000) (R 116326.490000 0.000000) (R 116828.560000 0.000000) (R 117037.590000 0.000000) (R 117532.740000 0.000000) (R 117743.150000 0.000000) (R 117955.340000 0.000000) (R 118454.090000 0.000000) (R 118689.110000 0.000000) (R 119174.110000 0.000000) (R 119407.540000 0.000000) (R 119639.810000 0.000000) (R 120105.400000 0.000000) (R 120332.020000 0.000000) (R 120788.020000 0.000000) (R 121011.940000 0.000000) (R 121231.570000 0.000000) (R 121656.670000 0.000000) (R 121875.710000 0.000000) (R 122285.710000 0.000000) (R 122500.410000 0.000000) (R 122713.470000 0.000000) (R 123099.720000 0.000000) (R 123307.550000 0.000000) (R 123689.580000 0.000000) (R 123903.900000 0.000000) (R 124123.010000 0.000000) (R 124507.880000 0.000000) (R 124735.500000 0.000000) (R 125120.500000 0.000000) (R -170136.180000 0.000000);
poly (R -170369.180000 0.000000) (R -169573.180000 0.000000) (R -168777.180000 0.000000) (R -170369.180000 0.000000);

